[debug] [2026-07-24T12:23:46.668Z] : 
[debug] [2026-07-24T12:23:46.671Z] : ----------------------------------------------------------------------
[debug] [2026-07-24T12:23:46.671Z] : Command:      C:\Program Files\nodejs\node.exe C:\Users\venka\AppData\Roaming\npm\node_modules\zcatalyst-cli\lib\bin\catalyst.js serve
[debug] [2026-07-24T12:23:46.672Z] : CLI Version:  1.27.0
[debug] [2026-07-24T12:23:46.672Z] : Platform:     win32
[debug] [2026-07-24T12:23:46.672Z] : Node Version: v24.11.1
[debug] [2026-07-24T12:23:46.672Z] : Time:         Fri Jul 24 2026 17:53:46 GMT+0530 (India Standard Time)
[debug] [2026-07-24T12:23:46.672Z] : ----------------------------------------------------------------------
[debug] [2026-07-24T12:23:46.672Z] : 
[debug] [2026-07-24T12:23:51.191Z] : > authorizing via signed-in user option
[debug] [2026-07-24T12:23:51.193Z] : > command requires scopes: ["ZohoCatalyst.projects.ALL","ZohoCatalyst.apigateway.apis.READ","ZohoCatalyst.apigateway.READ","ZohoCatalyst.segments.ALL","ZohoCatalyst.cache.READ","ZohoCatalyst.cache.CREATE","ZohoCatalyst.cache.DELETE","ZohoCatalyst.projects.ALL","ZohoCatalyst.cron.ALL","ZohoCatalyst.zcql.CREATE","ZohoCatalyst.projects.users.READ","ZohoCatalyst.projects.users.CREATE","ZohoCatalyst.projects.users.DELETE","ZohoCatalyst.projects.users.UPDATE","ZohoCatalyst.authentication.CREATE","ZohoCatalyst.email.CREATE","ZohoCatalyst.tables.ALL","ZohoCatalyst.tables.rows.ALL","ZohoCatalyst.tables.columns.ALL","ZohoCatalyst.tables.bulk.CREATE","ZohoCatalyst.tables.bulk.READ","ZohoCatalyst.folders.ALL","ZohoCatalyst.files.CREATE","ZohoCatalyst.files.READ","ZohoCatalyst.files.DELETE","ZohoCatalyst.functions.ALL","ZohoCatalyst.functions.EXECUTE","ZohoCatalyst.eventlistners.ALL","ZohoCatalyst.eventlisteners.produce","ZohoCatalyst.security.rules.Read","ZohoCatalyst.security.rules.Update","ZohoCatalyst.notifications.mobile","ZohoCatalyst.notifications.web","ZohoCatalyst.search.READ","ZohoCatalyst.mlkit.READ","QuickML.deployment.READ","ZohoCatalyst.pdfshot.execute","ZohoCatalyst.grid.READ","ZohoCatalyst.grid.terminate","ZohoCatalyst.circuits.execution.DELETE","ZohoCatalyst.circuits.execution.READ","ZohoCatalyst.circuits.execute","ZohoCatalyst.appsail.Read","ZohoCatalyst.jobpool.READ","ZohoCatalyst.job.ALL","ZohoCatalyst.nosql.READ","ZohoCatalyst.nosql.rows.ALL"]
[debug] [2026-07-24T12:23:51.384Z] : >>>> HTTP REQUEST : GET https://api.catalyst.zoho.in/baas/v1/project/48911000000019001 

[debug] [2026-07-24T12:24:02.616Z] : <<<< HTTP RESPONSE : 200
Response Headers: {"server":"ZGS","date":"Fri, 24 Jul 2026 12:24:02 GMT","content-type":"application/vnd.catalyst.v2+json","transfer-encoding":"chunked","connection":"keep-alive","x-content-type-options":"nosniff","cache-control":"private,no-cache,no-store,max-age=0,must-revalidate","pragma":"no-cache","expires":"Thu, 01 Jan 1970 00:00:00 GMT","x-frame-options":"DENY","strict-transport-security":"max-age=64072000; includeSubDomains; preload"}

[debug] [2026-07-24T12:24:02.626Z] : >>>> HTTP REQUEST : GET https://api.catalyst.zoho.in/baas/v1/project/48911000000019001/environment 

[debug] [2026-07-24T12:24:02.671Z] : <<<< HTTP RESPONSE : 200
Response Headers: {"server":"ZGS","date":"Fri, 24 Jul 2026 12:24:02 GMT","content-type":"application/vnd.catalyst.v2+json","transfer-encoding":"chunked","connection":"keep-alive","x-content-type-options":"nosniff","cache-control":"private,no-cache,no-store,max-age=0,must-revalidate","pragma":"no-cache","expires":"Thu, 01 Jan 1970 00:00:00 GMT","x-frame-options":"DENY","strict-transport-security":"max-age=64072000; includeSubDomains; preload"}

[debug] [2026-07-24T12:24:03.050Z] : Build folder already exists, starting cleanup
[debug] [2026-07-24T12:24:03.350Z] : >>>> HTTP REQUEST : GET https://api.catalyst.zoho.in/baas/get-details 
Query params: {"feature_name":"runtime"}

[debug] [2026-07-24T12:24:03.390Z] : <<<< HTTP RESPONSE : 200
Response Headers: {"server":"ZGS","date":"Fri, 24 Jul 2026 12:24:02 GMT","content-type":"application/vnd.catalyst.v2+json","transfer-encoding":"chunked","connection":"keep-alive","x-content-type-options":"nosniff","cache-control":"private,no-cache,no-store,max-age=0,must-revalidate","pragma":"no-cache","expires":"Thu, 01 Jan 1970 00:00:00 GMT","x-frame-options":"DENY","strict-transport-security":"max-age=64072000; includeSubDomains; preload"}

[debug] [2026-07-24T12:24:03.404Z] : >>>> HTTP REQUEST : GET https://api.catalyst.zoho.in/baas/v1/project/48911000000019001/function 
Query params: {"type":"basicio,event,cron,applogic,integration,browser_logic,job"}

[debug] [2026-07-24T12:24:03.447Z] : <<<< HTTP RESPONSE : 200
Response Headers: {"server":"ZGS","date":"Fri, 24 Jul 2026 12:24:02 GMT","content-type":"application/vnd.catalyst.v2+json","transfer-encoding":"chunked","connection":"keep-alive","x-content-type-options":"nosniff","cache-control":"private,no-cache,no-store,max-age=0,must-revalidate","pragma":"no-cache","expires":"Thu, 01 Jan 1970 00:00:00 GMT","x-frame-options":"DENY","strict-transport-security":"max-age=64072000; includeSubDomains; preload"}

[debug] [2026-07-24T12:24:03.453Z] : unknown eol undefined hence skipping check
[debug] [2026-07-24T12:24:03.453Z] : unknown eol undefined hence skipping check
[debug] [2026-07-24T12:24:03.454Z] : unknown eol undefined hence skipping check
[debug] [2026-07-24T12:24:03.454Z] : unknown eol undefined hence skipping check
[debug] [2026-07-24T12:24:03.485Z] : Node binary for stack node24 is at C:\Program Files\nodejs\node.exe
[debug] [2026-07-24T12:24:05.106Z] : http port : '4000' is not available. Hence port '4001' will be used instead.
[debug] [2026-07-24T12:24:05.106Z] : http port : '4000' is not available. Hence port '4002' will be used instead.
[info] [2026-07-24T12:24:12.724Z] : [react-plugin]: Starting the development server...

[info] [2026-07-24T12:24:12.727Z] : 
[info] [2026-07-24T12:24:12.730Z] : i Client[raw-investigation-platform]: Plugin : "zcatalyst-cli-plugin-react" is used for client serve
[info] [2026-07-24T12:24:12.731Z] : 
[debug] [2026-07-24T12:24:16.496Z] : No API Gateway configuration found. Skipping API Gateway rules
[info] [2026-07-24T12:24:16.501Z] : 
[info] [2026-07-24T12:24:16.501Z] :  >>>>>>>>>>>>>> Basic I/O <<<<<<<<<<<<< 
[info] [2026-07-24T12:24:16.502Z] : i raw_investigation_platform_function: http://localhost:3000/server/raw_investigation_platform_function/execute
[info] [2026-07-24T12:24:16.503Z] : 
[info] [2026-07-24T12:24:16.503Z] : 
[info] [2026-07-24T12:24:16.504Z] :  >>>>>>>>>>>>> Advanced I/O <<<<<<<<<<< 
[info] [2026-07-24T12:24:16.504Z] : i evidence_upload    : http://localhost:3000/server/evidence_upload/
[info] [2026-07-24T12:24:16.505Z] : i evidence_retrieval : http://localhost:3000/server/evidence_retrieval/
[info] [2026-07-24T12:24:16.505Z] : i evidence_processing: http://localhost:3000/server/evidence_processing/
[info] [2026-07-24T12:24:16.505Z] : 
[info] [2026-07-24T12:24:16.505Z] : 
[info] [2026-07-24T12:24:16.506Z] :  >>>>>>>>>>>>> Web Client <<<<<<<<<<<<
[info] [2026-07-24T12:24:16.506Z] : i client[raw-investigation-platform]: http://localhost:3000/app/
[info] [2026-07-24T12:24:16.506Z] : 
[info] [2026-07-24T12:24:17.792Z] : [1784895857791]  "GET"  "/app/"
[info] [2026-07-24T12:24:18.092Z] : [react-plugin]: Compiled successfully!
[info] [2026-07-24T12:24:18.092Z] : [react-plugin]: 
[info] [2026-07-24T12:24:18.092Z] : [react-plugin]: You can now view raw-investigation-platform in the browser.
[info] [2026-07-24T12:24:18.092Z] : [react-plugin]: 
[info] [2026-07-24T12:24:18.093Z] : [react-plugin]:   Local:            http://localhost:3000/app/
[info] [2026-07-24T12:24:18.093Z] : [react-plugin]:   On Your Network:  http://172.16.64.56:3000/app/
[info] [2026-07-24T12:24:18.093Z] : [react-plugin]: 
[info] [2026-07-24T12:24:18.093Z] : [react-plugin]: Note that the development build is not optimized.
[info] [2026-07-24T12:24:18.093Z] : [react-plugin]: To create a production build, use npm run build.
[info] [2026-07-24T12:24:18.093Z] : [react-plugin]: 
[info] [2026-07-24T12:24:18.345Z] : [1784895858345]  "GET"  "/app/static/js/bundle.js"
[info] [2026-07-24T12:24:18.541Z] : [1784895858541]  "GET"  "/server/raw_investigation_platform_function/execute"
[info] [2026-07-24T12:24:18.576Z] : [1784895858576]  "GET"  "/app/manifest.json"
[info] [2026-07-24T12:24:18.850Z] : [1784895858849]  "GET"  "/app/favicon.ico"
[info] [2026-07-24T12:24:18.907Z] : [1784895858907]  "GET"  "/app/logo192.png"
[info] [2026-07-24T12:24:19.151Z] : [1784895859150]  "GET"  "/server/raw_investigation_platform_function/execute"
